C:\Users\Vishnu\Desktop\Imp Pro\Angular2Demo\Angular2Demo\src\app\app.component.js
C:\Users\Vishnu\Desktop\Imp Pro\Angular2Demo\Angular2Demo\src\app\app.component.js.map
C:\Users\Vishnu\Desktop\Imp Pro\Angular2Demo\Angular2Demo\src\app\Employee\employee.component.js
C:\Users\Vishnu\Desktop\Imp Pro\Angular2Demo\Angular2Demo\src\app\Employee\employee.component.js.map
C:\Users\Vishnu\Desktop\Imp Pro\Angular2Demo\Angular2Demo\src\app\Employee\IEmployee.js
C:\Users\Vishnu\Desktop\Imp Pro\Angular2Demo\Angular2Demo\src\app\Employee\IEmployee.js.map
C:\Users\Vishnu\Desktop\Imp Pro\Angular2Demo\Angular2Demo\src\app\Employee\employee.service.js
C:\Users\Vishnu\Desktop\Imp Pro\Angular2Demo\Angular2Demo\src\app\Employee\employee.service.js.map
C:\Users\Vishnu\Desktop\Imp Pro\Angular2Demo\Angular2Demo\src\app\Employee\userPreferences.service.js
C:\Users\Vishnu\Desktop\Imp Pro\Angular2Demo\Angular2Demo\src\app\Employee\userPreferences.service.js.map
C:\Users\Vishnu\Desktop\Imp Pro\Angular2Demo\Angular2Demo\src\app\Employee\employee2.component.js
C:\Users\Vishnu\Desktop\Imp Pro\Angular2Demo\Angular2Demo\src\app\Employee\employee2.component.js.map
C:\Users\Vishnu\Desktop\Imp Pro\Angular2Demo\Angular2Demo\src\app\Employee\employee_list.component.js
C:\Users\Vishnu\Desktop\Imp Pro\Angular2Demo\Angular2Demo\src\app\Employee\employee_list.component.js.map
C:\Users\Vishnu\Desktop\Imp Pro\Angular2Demo\Angular2Demo\src\app\Others\javaScript.component.js
C:\Users\Vishnu\Desktop\Imp Pro\Angular2Demo\Angular2Demo\src\app\Others\javaScript.component.js.map
C:\Users\Vishnu\Desktop\Imp Pro\Angular2Demo\Angular2Demo\src\app\Employee\employeeTitle.pipe.js
C:\Users\Vishnu\Desktop\Imp Pro\Angular2Demo\Angular2Demo\src\app\Employee\employeeTitle.pipe.js.map
C:\Users\Vishnu\Desktop\Imp Pro\Angular2Demo\Angular2Demo\src\app\Employee\employeeCount.component.js
C:\Users\Vishnu\Desktop\Imp Pro\Angular2Demo\Angular2Demo\src\app\Employee\employeeCount.component.js.map
C:\Users\Vishnu\Desktop\Imp Pro\Angular2Demo\Angular2Demo\src\app\Home\home.component.js
C:\Users\Vishnu\Desktop\Imp Pro\Angular2Demo\Angular2Demo\src\app\Home\home.component.js.map
C:\Users\Vishnu\Desktop\Imp Pro\Angular2Demo\Angular2Demo\src\app\Others\pageNotFound.component.js
C:\Users\Vishnu\Desktop\Imp Pro\Angular2Demo\Angular2Demo\src\app\Others\pageNotFound.component.js.map
C:\Users\Vishnu\Desktop\Imp Pro\Angular2Demo\Angular2Demo\src\app\Payment\payment_detail2.component.js
C:\Users\Vishnu\Desktop\Imp Pro\Angular2Demo\Angular2Demo\src\app\Payment\payment_detail2.component.js.map
C:\Users\Vishnu\Desktop\Imp Pro\Angular2Demo\Angular2Demo\src\app\Service\PaymentDetailModel.js
C:\Users\Vishnu\Desktop\Imp Pro\Angular2Demo\Angular2Demo\src\app\Service\PaymentDetailModel.js.map
C:\Users\Vishnu\Desktop\Imp Pro\Angular2Demo\Angular2Demo\src\app\Service\payment_detail.service.js
C:\Users\Vishnu\Desktop\Imp Pro\Angular2Demo\Angular2Demo\src\app\Service\payment_detail.service.js.map
C:\Users\Vishnu\Desktop\Imp Pro\Angular2Demo\Angular2Demo\src\app\Payment\payment-detail-list.component.js
C:\Users\Vishnu\Desktop\Imp Pro\Angular2Demo\Angular2Demo\src\app\Payment\payment-detail-list.component.js.map
C:\Users\Vishnu\Desktop\Imp Pro\Angular2Demo\Angular2Demo\src\app\Payment\payment.component.js
C:\Users\Vishnu\Desktop\Imp Pro\Angular2Demo\Angular2Demo\src\app\Payment\payment.component.js.map
C:\Users\Vishnu\Desktop\Imp Pro\Angular2Demo\Angular2Demo\src\app\ExampleBootstarp\com_example_bootstrap.component.js
C:\Users\Vishnu\Desktop\Imp Pro\Angular2Demo\Angular2Demo\src\app\ExampleBootstarp\com_example_bootstrap.component.js.map
C:\Users\Vishnu\Desktop\Imp Pro\Angular2Demo\Angular2Demo\src\app\app.module.js
C:\Users\Vishnu\Desktop\Imp Pro\Angular2Demo\Angular2Demo\src\app\app.module.js.map
C:\Users\Vishnu\Desktop\Imp Pro\Angular2Demo\Angular2Demo\src\main.js
C:\Users\Vishnu\Desktop\Imp Pro\Angular2Demo\Angular2Demo\src\main.js.map
C:\Users\Vishnu\Desktop\Imp Pro\Angular2Demo\Angular2Demo\src\app\app.component.spec.js
C:\Users\Vishnu\Desktop\Imp Pro\Angular2Demo\Angular2Demo\src\app\app.component.spec.js.map
C:\Users\Vishnu\Desktop\Imp Pro\Angular2Demo\Angular2Demo\src\app\Payment\IPaymentDetail.js
C:\Users\Vishnu\Desktop\Imp Pro\Angular2Demo\Angular2Demo\src\app\Payment\IPaymentDetail.js.map
